#-----------------------------------------------------------
# Vivado v2015.4 (64-bit)
# SW Build 1412921 on Wed Nov 18 09:43:45 MST 2015
# IP Build 1412160 on Tue Nov 17 13:47:24 MST 2015
# Start of session at: Thu Jun 09 00:52:14 2016
# Process ID: 5792
# Current directory: D:/ECT-UA/CR/tarefa19_1/DisplayControl32inputs
# Command line: vivado.exe -gui_launcher_event rodinguilauncherevent9628 D:\ECT-UA\CR\tarefa19_1\DisplayControl32inputs\DisplayControl32inputs.xpr
# Log file: D:/ECT-UA/CR/tarefa19_1/DisplayControl32inputs/vivado.log
# Journal file: D:/ECT-UA/CR/tarefa19_1/DisplayControl32inputs\vivado.jou
#-----------------------------------------------------------
start_gui
open_project D:/ECT-UA/CR/tarefa19_1/DisplayControl32inputs/DisplayControl32inputs.xpr
INFO: [Project 1-313] Project file moved from 'K:/MostFrequentlyNeeded___2014/Education2011/2015_2016/SecondSemester/CR/AulasTeoricas/Aula8_11april2016/Projects2016/REPOSITORY/DisplayControl32inputs' since last save.
Scanning sources...
Finished scanning sources
INFO: [IP_Flow 19-234] Refreshing IP repositories
INFO: [IP_Flow 19-1700] Loaded user IP repository 'd:/ECT-UA/CR/tarefa19_1/DisplayControl32inputs/DisplayControl32inputs.srcs/sources_1/imports/new'.
INFO: [IP_Flow 19-2313] Loaded Vivado IP repository 'C:/Xilinx/Vivado/2015.4/data/ip'.
exit
INFO: [Common 17-206] Exiting Vivado at Thu Jun 09 00:53:01 2016...
