#
# A fatal error has been detected by the Java Runtime Environment:
#
#  EXCEPTION_UNCAUGHT_CXX_EXCEPTION (0xe06d7363) at pc=0x00007ffe3e901f28, pid=6888, tid=7336
#
# JRE version: Java(TM) SE Runtime Environment (8.0_45-b15) (build 1.8.0_45-b15)
# Java VM: Java HotSpot(TM) 64-Bit Server VM (25.45-b02 mixed mode windows-amd64 compressed oops)
# Problematic frame:
# C  [KERNELBASE.dll+0x71f28]
#
# Failed to write core dump. Minidumps are not enabled by default on client versions of Windows
#
# If you would like to submit a bug report, please visit:
#   http://bugreport.java.com/bugreport/crash.jsp
#

---------------  T H R E A D  ---------------

Current thread (0x0000000004fa9000):  VMThread [stack: 0x0000000006c80000,0x0000000006d80000] [id=7336]

siginfo: ExceptionCode=0xe06d7363, ExceptionInformation=0x0000000019930520 0x0000000006d7f588 0x00007ffe17bd2cb8 0x00007ffe17b20000 

Registers:
RAX=0x0000000000000000, RBX=0x00007ffe17bd2cb8, RCX=0x0000000000000000, RDX=0x0000000000000000
RSP=0x0000000006d7f3d0, RBP=0x0000000006d7f510, RSI=0x00000000ffffffff, RDI=0x0000000008633920
R8 =0x00007ffe17bc7b30, R9 =0x0000000000000000, R10=0x0000000000000000, R11=0x0000000000000000
R12=0x0000000000000001, R13=0x0000000000000008, R14=0x0000000000000000, R15=0xffffffffffffffff
RIP=0x00007ffe3e901f28, EFLAGS=0x0000000000000202

Top of Stack: (sp=0x0000000006d7f3d0)
0x0000000006d7f3d0:   0000000000000000 00007ffe17bd2cb8
0x0000000006d7f3e0:   00000000ffffffff 0000000008633920
0x0000000006d7f3f0:   00000001e06d7363 0000000000000000
0x0000000006d7f400:   00007ffe3e901f28 00007ffe00000004
0x0000000006d7f410:   0000000019930520 0000000006d7f588
0x0000000006d7f420:   00007ffe17bd2cb8 00007ffe17b20000
0x0000000006d7f430:   0000000000000001 0000000008633920
0x0000000006d7f440:   00000000ffffffff 0000000006d7f520
0x0000000006d7f450:   0000000006d7f510 00007ffe4170782f
0x0000000006d7f460:   0000000000000008 0000000000000000
0x0000000006d7f470:   0000000000002000 0000000000002010
0x0000000006d7f480:   00007ffe17be9000 00007ffe17b20000
0x0000000006d7f490:   00008d0233e5410b 00000000000003ff
0x0000000006d7f4a0:   00007ffe17bd2cb8 00007ffe17b7e92c
0x0000000006d7f4b0:   00000000c0000001 0000000000000008
0x0000000006d7f4c0:   0000000000000001 0000000008633920 

Instructions: (pc=0x00007ffe3e901f28)
0x00007ffe3e901f08:   49 8b d1 44 0f 47 c0 44 89 44 24 38 49 c1 e0 03
0x00007ffe3e901f18:   e8 27 b2 00 00 48 8d 4c 24 20 ff 15 c8 a7 05 00
0x00007ffe3e901f28:   48 8b 8c 24 c0 00 00 00 48 33 cc e8 98 7a 00 00
0x00007ffe3e901f38:   48 81 c4 d8 00 00 00 c3 83 64 24 38 00 eb d6 cc 


Register to memory mapping:

RAX=0x0000000000000000 is an unknown value
RBX=0x00007ffe17bd2cb8 is an unknown value
RCX=0x0000000000000000 is an unknown value
RDX=0x0000000000000000 is an unknown value
RSP=0x0000000006d7f3d0 is an unknown value
RBP=0x0000000006d7f510 is an unknown value
RSI=0x00000000ffffffff is an unallocated location in the heap
RDI=0x0000000008633920 is an unknown value
R8 =0x00007ffe17bc7b30 is an unknown value
R9 =0x0000000000000000 is an unknown value
R10=0x0000000000000000 is an unknown value
R11=0x0000000000000000 is an unknown value
R12=0x0000000000000001 is an unknown value
R13=0x0000000000000008 is an unknown value
R14=0x0000000000000000 is an unknown value
R15=0xffffffffffffffff is an unknown value


Stack: [0x0000000006c80000,0x0000000006d80000],  sp=0x0000000006d7f3d0,  free space=1020k
Native frames: (J=compiled Java code, j=interpreted, Vv=VM code, C=native code)
C  [KERNELBASE.dll+0x71f28]
C  [MSVCR110.dll+0x5e92c]
C  [MSVCR110.dll+0x1315c]
C  [MSVCR110.dll+0x136a9]
C  [MSVCR110.dll+0x13e9c]
C  [MSVCR110.dll+0x239e]
C  [MSVCR110.dll+0xaf9e]
C  [MSVCP110.dll+0x397b9]
C  [librdi_common.dll+0x14283e]
C  [librdi_common.dll+0x141449]
C  0x00007ffe297e2400
C  0x00007ffe297e2682
C  [ntdll.dll+0x152c8]
C  [ntdll.dll+0x5b2ea]
C  [ntdll.dll+0x5b17a]
C  [KERNEL32.DLL+0x24d8a]
C  [MSVCR100.dll+0x20ccd]
V  [jvm.dll+0x20f135]
V  [jvm.dll+0x247ef7]
V  [jvm.dll+0x247196]
V  [jvm.dll+0x247631]
V  [jvm.dll+0x24784e]
V  [jvm.dll+0x29853a]
C  [MSVCR100.dll+0x21d9f]
C  [MSVCR100.dll+0x21e3b]
C  [KERNEL32.DLL+0x18102]
C  [ntdll.dll+0x5c5b4]

VM_Operation (0x000000000014f500): Exit, mode: safepoint, requested by thread 0x0000000002622800


---------------  P R O C E S S  ---------------

Java Threads: ( => current thread )
  0x00000000094a2800 JavaThread "pool-2-thread-4" [_thread_blocked, id=9356, stack(0x000000002ebe0000,0x000000002ece0000)]
  0x0000000009499000 JavaThread "pool-2-thread-3" [_thread_blocked, id=7216, stack(0x000000002a1e0000,0x000000002a2e0000)]
  0x000000000949c800 JavaThread "pool-2-thread-2" [_thread_blocked, id=1672, stack(0x00000000293e0000,0x00000000294e0000)]
  0x000000000949d800 JavaThread "pool-2-thread-1" [_thread_blocked, id=3272, stack(0x00000000275e0000,0x00000000276e0000)]
  0x0000000008afa000 JavaThread "Thread-19" daemon [_thread_blocked, id=1332, stack(0x00000000273e0000,0x00000000274e0000)]
  0x0000000008aec800 JavaThread "TCF Locator DNS Lookup" daemon [_thread_blocked, id=6436, stack(0x0000000021770000,0x0000000021870000)]
  0x0000000008aee800 JavaThread "TCF Locator Timer" daemon [_thread_blocked, id=8452, stack(0x0000000021670000,0x0000000021770000)]
  0x000000000d9c8000 JavaThread "TCF Timer Dispatcher" daemon [_thread_blocked, id=8780, stack(0x0000000021370000,0x0000000021470000)]
  0x0000000008c72800 JavaThread "EMF Reference Cleaner" daemon [_thread_blocked, id=8708, stack(0x000000000b580000,0x000000000b680000)]
  0x0000000007137800 JavaThread "Service Thread" daemon [_thread_blocked, id=7160, stack(0x0000000007a50000,0x0000000007b50000)]
  0x0000000004fbb800 JavaThread "C1 CompilerThread3" daemon [_thread_blocked, id=7504, stack(0x0000000007950000,0x0000000007a50000)]
  0x000000000708a000 JavaThread "C2 CompilerThread2" daemon [_thread_blocked, id=8392, stack(0x0000000007850000,0x0000000007950000)]
  0x0000000007086000 JavaThread "C2 CompilerThread1" daemon [_thread_blocked, id=4080, stack(0x0000000007750000,0x0000000007850000)]
  0x0000000007084000 JavaThread "C2 CompilerThread0" daemon [_thread_blocked, id=972, stack(0x0000000007650000,0x0000000007750000)]
  0x0000000007082800 JavaThread "Attach Listener" daemon [_thread_blocked, id=5560, stack(0x0000000007550000,0x0000000007650000)]
  0x0000000007080000 JavaThread "Signal Dispatcher" daemon [_thread_blocked, id=7400, stack(0x0000000007450000,0x0000000007550000)]
  0x000000000271a800 JavaThread "Finalizer" daemon [_thread_blocked, id=8124, stack(0x0000000006e80000,0x0000000006f80000)]
  0x0000000004fad800 JavaThread "Reference Handler" daemon [_thread_blocked, id=7296, stack(0x0000000006d80000,0x0000000006e80000)]
  0x0000000002622800 JavaThread "main" [_thread_blocked, id=8604, stack(0x0000000000050000,0x0000000000150000)]

Other Threads:
=>0x0000000004fa9000 VMThread [stack: 0x0000000006c80000,0x0000000006d80000] [id=7336]

VM state:at safepoint (shutting down)

VM Mutex/Monitor currently owned by a thread:  ([mutex/lock_event])
[0x00000000005cdef0] Threads_lock - owner thread: 0x0000000004fa9000

Heap:
 PSYoungGen      total 55808K, used 33793K [0x00000000f5580000, 0x00000000f9800000, 0x0000000100000000)
  eden space 52736K, 58% used [0x00000000f5580000,0x00000000f73b6d40,0x00000000f8900000)
  from space 3072K, 92% used [0x00000000f8a00000,0x00000000f8cc96e0,0x00000000f8d00000)
  to   space 7680K, 0% used [0x00000000f9080000,0x00000000f9080000,0x00000000f9800000)
 ParOldGen       total 115712K, used 34830K [0x00000000e0000000, 0x00000000e7100000, 0x00000000f5580000)
  object space 115712K, 30% used [0x00000000e0000000,0x00000000e2203ab8,0x00000000e7100000)
 Metaspace       used 79464K, capacity 85790K, committed 85888K, reserved 1124352K
  class space    used 9606K, capacity 11638K, committed 11648K, reserved 1048576K

Card table byte_map: [0x0000000002af0000,0x0000000002c00000] byte_map_base: 0x00000000023f0000

Marking Bits: (ParMarkBitMap*) 0x00000000637b4040
 Begin Bits: [0x00000000034b0000, 0x0000000003cb0000)
 End Bits:   [0x0000000003cb0000, 0x00000000044b0000)

Polling page: 0x0000000002600000

CodeCache: size=245760Kb used=34253Kb max_used=34760Kb free=211506Kb
 bounds [0x000000000f010000, 0x0000000011260000, 0x000000001e010000]
 total_blobs=10240 nmethods=9391 adapters=755
 compilation: enabled

Compilation events (10 events):
Event: 1748.914 Thread 0x0000000004fbb800 11654       3       java.io.File::list (33 bytes)
Event: 1748.915 Thread 0x0000000004fbb800 nmethod 11654 0x00000000102da6d0 code [0x00000000102da8a0, 0x00000000102dafe8]
Event: 1749.000 Thread 0x0000000004fbb800 11655   !   3       org.eclipse.osgi.internal.baseadaptor.BaseStorage::compact (215 bytes)
Event: 1749.002 Thread 0x0000000004fbb800 nmethod 11655 0x00000000103b6810 code [0x00000000103b6c60, 0x00000000103b9128]
Event: 1749.333 Thread 0x0000000007084000 11656       4       java.io.File::isDirectory (43 bytes)
Event: 1749.336 Thread 0x0000000007084000 nmethod 11656 0x000000001068f790 code [0x000000001068f8e0, 0x000000001068fae8]
Event: 1749.336 Thread 0x0000000004fbb800 11657       3       org.eclipse.osgi.framework.internal.core.AbstractBundle::close (52 bytes)
Event: 1749.337 Thread 0x0000000004fbb800 nmethod 11657 0x000000000fb02190 code [0x000000000fb023c0, 0x000000000fb030c8]
Event: 1749.337 Thread 0x0000000004fbb800 11658  s    3       java.util.Hashtable::clear (38 bytes)
Event: 1749.337 Thread 0x0000000004fbb800 nmethod 11658 0x000000000f8c6810 code [0x000000000f8c6980, 0x000000000f8c6e50]

GC Heap History (10 events):
Event: 1375.629 GC heap before
{Heap before GC invocations=68 (full 23):
 PSYoungGen      total 61952K, used 3445K [0x00000000f5580000, 0x00000000f9b00000, 0x0000000100000000)
  eden space 53760K, 6% used [0x00000000f5580000,0x00000000f58dd6e8,0x00000000f8a00000)
  from space 8192K, 0% used [0x00000000f9300000,0x00000000f9300000,0x00000000f9b00000)
  to   space 8704K, 0% used [0x00000000f8a00000,0x00000000f8a00000,0x00000000f9280000)
 ParOldGen       total 115712K, used 34708K [0x00000000e0000000, 0x00000000e7100000, 0x00000000f5580000)
  object space 115712K, 29% used [0x00000000e0000000,0x00000000e21e5170,0x00000000e7100000)
 Metaspace       used 78182K, capacity 84556K, committed 84864K, reserved 1122304K
  class space    used 9492K, capacity 11535K, committed 11648K, reserved 1048576K
Event: 1375.631 GC heap after
Heap after GC invocations=68 (full 23):
 PSYoungGen      total 54272K, used 256K [0x00000000f5580000, 0x00000000f9a00000, 0x0000000100000000)
  eden space 53760K, 0% used [0x00000000f5580000,0x00000000f5580000,0x00000000f8a00000)
  from space 512K, 50% used [0x00000000f8a00000,0x00000000f8a40000,0x00000000f8a80000)
  to   space 8192K, 0% used [0x00000000f9200000,0x00000000f9200000,0x00000000f9a00000)
 ParOldGen       total 115712K, used 34716K [0x00000000e0000000, 0x00000000e7100000, 0x00000000f5580000)
  object space 115712K, 30% used [0x00000000e0000000,0x00000000e21e7170,0x00000000e7100000)
 Metaspace       used 78182K, capacity 84556K, committed 84864K, reserved 1122304K
  class space    used 9492K, capacity 11535K, committed 11648K, reserved 1048576K
}
Event: 1375.631 GC heap before
{Heap before GC invocations=69 (full 24):
 PSYoungGen      total 54272K, used 256K [0x00000000f5580000, 0x00000000f9a00000, 0x0000000100000000)
  eden space 53760K, 0% used [0x00000000f5580000,0x00000000f5580000,0x00000000f8a00000)
  from space 512K, 50% used [0x00000000f8a00000,0x00000000f8a40000,0x00000000f8a80000)
  to   space 8192K, 0% used [0x00000000f9200000,0x00000000f9200000,0x00000000f9a00000)
 ParOldGen       total 115712K, used 34716K [0x00000000e0000000, 0x00000000e7100000, 0x00000000f5580000)
  object space 115712K, 30% used [0x00000000e0000000,0x00000000e21e7170,0x00000000e7100000)
 Metaspace       used 78182K, capacity 84556K, committed 84864K, reserved 1122304K
  class space    used 9492K, capacity 11535K, committed 11648K, reserved 1048576K
Event: 1375.718 GC heap after
Heap after GC invocations=69 (full 24):
 PSYoungGen      total 54272K, used 0K [0x00000000f5580000, 0x00000000f9a00000, 0x0000000100000000)
  eden space 53760K, 0% used [0x00000000f5580000,0x00000000f5580000,0x00000000f8a00000)
  from space 512K, 0% used [0x00000000f8a00000,0x00000000f8a00000,0x00000000f8a80000)
  to   space 8192K, 0% used [0x00000000f9200000,0x00000000f9200000,0x00000000f9a00000)
 ParOldGen       total 115712K, used 34718K [0x00000000e0000000, 0x00000000e7100000, 0x00000000f5580000)
  object space 115712K, 30% used [0x00000000e0000000,0x00000000e21e7b80,0x00000000e7100000)
 Metaspace       used 78182K, capacity 84556K, committed 84864K, reserved 1122304K
  class space    used 9492K, capacity 11535K, committed 11648K, reserved 1048576K
}
Event: 1435.635 GC heap before
{Heap before GC invocations=70 (full 24):
 PSYoungGen      total 54272K, used 10150K [0x00000000f5580000, 0x00000000f9a00000, 0x0000000100000000)
  eden space 53760K, 18% used [0x00000000f5580000,0x00000000f5f69910,0x00000000f8a00000)
  from space 512K, 0% used [0x00000000f8a00000,0x00000000f8a00000,0x00000000f8a80000)
  to   space 8192K, 0% used [0x00000000f9200000,0x00000000f9200000,0x00000000f9a00000)
 ParOldGen       total 115712K, used 34718K [0x00000000e0000000, 0x00000000e7100000, 0x00000000f5580000)
  object space 115712K, 30% used [0x00000000e0000000,0x00000000e21e7b80,0x00000000e7100000)
 Metaspace       used 78288K, capacity 84624K, committed 84864K, reserved 1122304K
  class space    used 9493K, capacity 11535K, committed 11648K, reserved 1048576K
Event: 1435.638 GC heap after
Heap after GC invocations=70 (full 24):
 PSYoungGen      total 60928K, used 480K [0x00000000f5580000, 0x00000000f9900000, 0x0000000100000000)
  eden space 53760K, 0% used [0x00000000f5580000,0x00000000f5580000,0x00000000f8a00000)
  from space 7168K, 6% used [0x00000000f9200000,0x00000000f9278000,0x00000000f9900000)
  to   space 7680K, 0% used [0x00000000f8a00000,0x00000000f8a00000,0x00000000f9180000)
 ParOldGen       total 115712K, used 34726K [0x00000000e0000000, 0x00000000e7100000, 0x00000000f5580000)
  object space 115712K, 30% used [0x00000000e0000000,0x00000000e21e9b80,0x00000000e7100000)
 Metaspace       used 78288K, capacity 84624K, committed 84864K, reserved 1122304K
  class space    used 9493K, capacity 11535K, committed 11648K, reserved 1048576K
}
Event: 1435.638 GC heap before
{Heap before GC invocations=71 (full 25):
 PSYoungGen      total 60928K, used 480K [0x00000000f5580000, 0x00000000f9900000, 0x0000000100000000)
  eden space 53760K, 0% used [0x00000000f5580000,0x00000000f5580000,0x00000000f8a00000)
  from space 7168K, 6% used [0x00000000f9200000,0x00000000f9278000,0x00000000f9900000)
  to   space 7680K, 0% used [0x00000000f8a00000,0x00000000f8a00000,0x00000000f9180000)
 ParOldGen       total 115712K, used 34726K [0x00000000e0000000, 0x00000000e7100000, 0x00000000f5580000)
  object space 115712K, 30% used [0x00000000e0000000,0x00000000e21e9b80,0x00000000e7100000)
 Metaspace       used 78288K, capacity 84624K, committed 84864K, reserved 1122304K
  class space    used 9493K, capacity 11535K, committed 11648K, reserved 1048576K
Event: 1435.870 GC heap after
Heap after GC invocations=71 (full 25):
 PSYoungGen      total 60928K, used 0K [0x00000000f5580000, 0x00000000f9900000, 0x0000000100000000)
  eden space 53760K, 0% used [0x00000000f5580000,0x00000000f5580000,0x00000000f8a00000)
  from space 7168K, 0% used [0x00000000f9200000,0x00000000f9200000,0x00000000f9900000)
  to   space 7680K, 0% used [0x00000000f8a00000,0x00000000f8a00000,0x00000000f9180000)
 ParOldGen       total 115712K, used 34822K [0x00000000e0000000, 0x00000000e7100000, 0x00000000f5580000)
  object space 115712K, 30% used [0x00000000e0000000,0x00000000e2201ab8,0x00000000e7100000)
 Metaspace       used 78288K, capacity 84624K, committed 84864K, reserved 1122304K
  class space    used 9493K, capacity 11535K, committed 11648K, reserved 1048576K
}
Event: 1628.780 GC heap before
{Heap before GC invocations=72 (full 25):
 PSYoungGen      total 60928K, used 53760K [0x00000000f5580000, 0x00000000f9900000, 0x0000000100000000)
  eden space 53760K, 100% used [0x00000000f5580000,0x00000000f8a00000,0x00000000f8a00000)
  from space 7168K, 0% used [0x00000000f9200000,0x00000000f9200000,0x00000000f9900000)
  to   space 7680K, 0% used [0x00000000f8a00000,0x00000000f8a00000,0x00000000f9180000)
 ParOldGen       total 115712K, used 34822K [0x00000000e0000000, 0x00000000e7100000, 0x00000000f5580000)
  object space 115712K, 30% used [0x00000000e0000000,0x00000000e2201ab8,0x00000000e7100000)
 Metaspace       used 78535K, capacity 84782K, committed 85120K, reserved 1122304K
  class space    used 9496K, capacity 11540K, committed 11648K, reserved 1048576K
Event: 1628.784 GC heap after
Heap after GC invocations=72 (full 25):
 PSYoungGen      total 55808K, used 2853K [0x00000000f5580000, 0x00000000f9800000, 0x0000000100000000)
  eden space 52736K, 0% used [0x00000000f5580000,0x00000000f5580000,0x00000000f8900000)
  from space 3072K, 92% used [0x00000000f8a00000,0x00000000f8cc96e0,0x00000000f8d00000)
  to   space 7680K, 0% used [0x00000000f9080000,0x00000000f9080000,0x00000000f9800000)
 ParOldGen       total 115712K, used 34830K [0x00000000e0000000, 0x00000000e7100000, 0x00000000f5580000)
  object space 115712K, 30% used [0x00000000e0000000,0x00000000e2203ab8,0x00000000e7100000)
 Metaspace       used 78535K, capacity 84782K, committed 85120K, reserved 1122304K
  class space    used 9496K, capacity 11540K, committed 11648K, reserved 1048576K
}

Deoptimization events (10 events):
Event: 1748.608 Thread 0x0000000002622800 Uncommon trap: reason=null_check action=maybe_recompile pc=0x0000000010a8a598 method=com.xilinx.sdk.targetmanager.internal.json.XMDJSONProcess.issueCommand(Ljava/lang/String;)Lcom/xilinx/sdk/targetmanager/internal/IXMDResult; @ 3
Event: 1748.627 Thread 0x0000000007f3b000 Uncommon trap: reason=unstable_if action=reinterpret pc=0x000000000fa44d50 method=org.eclipse.osgi.framework.internal.core.BundleContextImpl.dispatchEvent(Ljava/lang/Object;Ljava/lang/Object;ILjava/lang/Object;)V @ 16
Event: 1748.644 Thread 0x00000000094a3800 Uncommon trap: reason=unstable_if action=reinterpret pc=0x000000000ff44cf8 method=org.eclipse.core.internal.jobs.JobManager.nextJob()Lorg/eclipse/core/runtime/jobs/Job; @ 80
Event: 1748.644 Thread 0x0000000008aef800 Uncommon trap: reason=unstable_if action=reinterpret pc=0x000000000ff441cc method=org.eclipse.core.internal.jobs.JobManager.nextJob()Lorg/eclipse/core/runtime/jobs/Job; @ 80
Event: 1748.645 Thread 0x0000000008aef800 Uncommon trap: reason=unstable_if action=reinterpret pc=0x0000000010f9f754 method=org.eclipse.core.internal.jobs.JobManager.sleepHint()J @ 43
Event: 1748.645 Thread 0x00000000094a3800 Uncommon trap: reason=unstable_if action=reinterpret pc=0x0000000010f9f754 method=org.eclipse.core.internal.jobs.JobManager.sleepHint()J @ 43
Event: 1748.645 Thread 0x000000000949c000 Uncommon trap: reason=unstable_if action=reinterpret pc=0x000000000ff441cc method=org.eclipse.core.internal.jobs.JobManager.nextJob()Lorg/eclipse/core/runtime/jobs/Job; @ 80
Event: 1748.645 Thread 0x000000000d9c1800 Uncommon trap: reason=unstable_if action=reinterpret pc=0x000000000ff441cc method=org.eclipse.core.internal.jobs.JobManager.nextJob()Lorg/eclipse/core/runtime/jobs/Job; @ 80
Event: 1748.645 Thread 0x0000000008af1000 Uncommon trap: reason=unstable_if action=reinterpret pc=0x0000000010f9f754 method=org.eclipse.core.internal.jobs.JobManager.sleepHint()J @ 43
Event: 1748.820 Thread 0x0000000008af0000 Uncommon trap: reason=unstable_if action=reinterpret pc=0x000000000f5fa25c method=org.eclipse.tcf.EventQueue.invokeLater(Ljava/lang/Runnable;)V @ 22

Internal exceptions (10 events):
Event: 1747.330 Thread 0x000000000949b000 Exception <a 'java/net/SocketException': Socket closed> (0x00000000f5f34340) thrown at [C:\re\workspace\8-2-build-windows-amd64-cygwin\jdk8u45\3627\hotspot\src\share\vm\prims\jni.cpp, line 735]
Event: 1747.331 Thread 0x0000000008af2800 Exception <a 'java/lang/InterruptedException'> (0x00000000f5f4c880) thrown at [C:\re\workspace\8-2-build-windows-amd64-cygwin\jdk8u45\3627\hotspot\src\share\vm\runtime\objectMonitor.cpp, line 1683]
Event: 1747.355 Thread 0x0000000002622800 Implicit null exception at 0x000000000f7f408c to 0x000000000f7f40e9
Event: 1747.911 Thread 0x0000000008af8800 Exception <a 'java/lang/InterruptedException'> (0x00000000f6e5b298) thrown at [C:\re\workspace\8-2-build-windows-amd64-cygwin\jdk8u45\3627\hotspot\src\share\vm\runtime\objectMonitor.cpp, line 1683]
Event: 1748.565 Thread 0x0000000002622800 Implicit null exception at 0x000000000f239a07 to 0x000000000f23aef1
Event: 1748.608 Thread 0x0000000002622800 Exception <a 'java/lang/NullPointerException'> (0x00000000f7030020) thrown at [C:\re\workspace\8-2-build-windows-amd64-cygwin\jdk8u45\3627\hotspot\src\share\vm\prims\jvm.cpp, line 1386]
Event: 1748.718 Thread 0x0000000008063000 Exception <a 'java/lang/InterruptedException': sleep interrupted> (0x00000000f71ae508) thrown at [C:\re\workspace\8-2-build-windows-amd64-cygwin\jdk8u45\3627\hotspot\src\share\vm\prims\jvm.cpp, line 3211]
Event: 1748.719 Thread 0x000000000a204000 Exception <a 'java/lang/InterruptedException'> (0x00000000f71f0380) thrown at [C:\re\workspace\8-2-build-windows-amd64-cygwin\jdk8u45\3627\hotspot\src\share\vm\runtime\objectMonitor.cpp, line 1683]
Event: 1748.720 Thread 0x0000000007105800 Exception <a 'java/lang/InterruptedException'> (0x00000000f71fb5e0) thrown at [C:\re\workspace\8-2-build-windows-amd64-cygwin\jdk8u45\3627\hotspot\src\share\vm\runtime\objectMonitor.cpp, line 1683]
Event: 1749.336 Thread 0x0000000007f3b000 Exception <a 'java/lang/InterruptedException'> (0x00000000f71ae470) thrown at [C:\re\workspace\8-2-build-windows-amd64-cygwin\jdk8u45\3627\hotspot\src\share\vm\runtime\objectMonitor.cpp, line 1683]

Events (10 events):
Event: 1749.337 loading class java/util/IdentityHashMap$KeyIterator done
Event: 1749.337 Thread 0x00000000094a2000 Thread added: 0x00000000094a2000
Event: 1749.337 Executing VM operation: RevokeBias
Event: 1749.337 Executing VM operation: RevokeBias done
Event: 1749.337 Executing VM operation: RevokeBias
Event: 1749.337 Executing VM operation: RevokeBias done
Event: 1749.337 Executing VM operation: RevokeBias
Event: 1749.338 Executing VM operation: RevokeBias done
Event: 1749.338 Thread 0x00000000094a2000 Thread exited: 0x00000000094a2000
Event: 1749.338 Executing VM operation: Exit


Dynamic libraries:
0x0000000000400000 - 0x000000000044f000 	C:\Xilinx\SDK\2015.4\eclipse\win64.o\eclipse.exe
0x00007ffe416d0000 - 0x00007ffe41891000 	C:\WINDOWS\SYSTEM32\ntdll.dll
0x00007ffe41140000 - 0x00007ffe411ed000 	C:\WINDOWS\system32\KERNEL32.DLL
0x00007ffe3e890000 - 0x00007ffe3ea78000 	C:\WINDOWS\system32\KERNELBASE.dll
0x00007ffe3c470000 - 0x00007ffe3c4e9000 	C:\WINDOWS\system32\apphelp.dll
0x00007ffe401d0000 - 0x00007ffe40326000 	C:\WINDOWS\system32\USER32.dll
0x00007ffe403e0000 - 0x00007ffe40566000 	C:\WINDOWS\system32\GDI32.dll
0x00007ffe41430000 - 0x00007ffe414cd000 	C:\WINDOWS\system32\msvcrt.dll
0x00007ffe37fa0000 - 0x00007ffe38214000 	C:\WINDOWS\WinSxS\amd64_microsoft.windows.common-controls_6595b64144ccf1df_6.0.10586.0_none_8c15ae12515e1c22\COMCTL32.dll
0x00007ffe40d60000 - 0x00007ffe40fdd000 	C:\WINDOWS\system32\combase.dll
0x00007ffe414d0000 - 0x00007ffe415ec000 	C:\WINDOWS\system32\RPCRT4.dll
0x00007ffe3df50000 - 0x00007ffe3dfba000 	C:\WINDOWS\system32\bcryptPrimitives.dll
0x00007ffe40570000 - 0x00007ffe405ab000 	C:\WINDOWS\system32\IMM32.DLL
0x00007ffe3dbe0000 - 0x00007ffe3dc11000 	C:\Windows\system32\nvinitx.dll
0x00007ffe40330000 - 0x00007ffe403d7000 	C:\WINDOWS\system32\ADVAPI32.dll
0x00007ffe408d0000 - 0x00007ffe4092b000 	C:\WINDOWS\system32\sechost.dll
0x00007ffe3dbd0000 - 0x00007ffe3dbda000 	C:\WINDOWS\SYSTEM32\VERSION.dll
0x000000000f000000 - 0x000000000f006000 	C:\Program Files\NVIDIA Corporation\CoProcManager\_etoured.dll
0x00007ffe39b00000 - 0x00007ffe39b33000 	C:\Program Files\NVIDIA Corporation\CoProcManager\nvd3d9wrapx.dll
0x00007ffe40930000 - 0x00007ffe40d59000 	C:\WINDOWS\system32\SETUPAPI.dll
0x00007ffe3ea80000 - 0x00007ffe3eac3000 	C:\WINDOWS\system32\CFGMGR32.dll
0x00007ffe38a90000 - 0x00007ffe38ab2000 	C:\Program Files\NVIDIA Corporation\CoProcManager\nvdxgiwrapx.dll
0x0000000072000000 - 0x0000000072012000 	C:\Xilinx\SDK\2015.4\eclipse\win64.o\plugins\org.eclipse.equinox.launcher.win32.win32.x86_64_1.1.200.v20140116-2212\eclipse_1503.dll
0x00007ffe3c700000 - 0x00007ffe3c796000 	C:\WINDOWS\system32\uxtheme.dll
0x00007ffe40fe0000 - 0x00007ffe4113a000 	C:\WINDOWS\system32\MSCTF.dll
0x0000000062fb0000 - 0x0000000063833000 	C:\Xilinx\SDK\2015.4\tps\win64\jre\bin\server\jvm.dll
0x00007ffe3ec00000 - 0x00007ffe3ec08000 	C:\WINDOWS\system32\PSAPI.DLL
0x00007ffe3bf60000 - 0x00007ffe3bf83000 	C:\WINDOWS\SYSTEM32\WINMM.dll
0x00007ffe32190000 - 0x00007ffe32199000 	C:\WINDOWS\SYSTEM32\WSOCK32.dll
0x0000000066cd0000 - 0x0000000066da2000 	C:\WINDOWS\SYSTEM32\MSVCR100.dll
0x00007ffe413c0000 - 0x00007ffe4142b000 	C:\WINDOWS\system32\WS2_32.dll
0x00007ffe3bf30000 - 0x00007ffe3bf5c000 	C:\WINDOWS\SYSTEM32\WINMMBASE.dll
0x0000000062e70000 - 0x0000000062e7f000 	C:\Xilinx\SDK\2015.4\tps\win64\jre\bin\verify.dll
0x0000000062e40000 - 0x0000000062e69000 	C:\Xilinx\SDK\2015.4\tps\win64\jre\bin\java.dll
0x0000000062e20000 - 0x0000000062e36000 	C:\Xilinx\SDK\2015.4\tps\win64\jre\bin\zip.dll
0x00007ffe3ec10000 - 0x00007ffe4016c000 	C:\WINDOWS\system32\SHELL32.dll
0x00007ffe3e070000 - 0x00007ffe3e6b4000 	C:\WINDOWS\system32\windows.storage.dll
0x00007ffe3eba0000 - 0x00007ffe3ebf2000 	C:\WINDOWS\system32\shlwapi.dll
0x00007ffe3dd00000 - 0x00007ffe3dd0f000 	C:\WINDOWS\system32\kernel.appcore.dll
0x0000000006f80000 - 0x0000000007035000 	C:\WINDOWS\system32\shcore.dll
0x00007ffe3dd10000 - 0x00007ffe3dd5b000 	C:\WINDOWS\system32\powrprof.dll
0x00007ffe3dd60000 - 0x00007ffe3dd74000 	C:\WINDOWS\system32\profapi.dll
0x00007ffe3d620000 - 0x00007ffe3d637000 	C:\WINDOWS\SYSTEM32\CRYPTSP.dll
0x00007ffe3d2b0000 - 0x00007ffe3d2e4000 	C:\WINDOWS\system32\rsaenh.dll
0x00007ffe3dc20000 - 0x00007ffe3dc49000 	C:\WINDOWS\SYSTEM32\bcrypt.dll
0x00007ffe3d400000 - 0x00007ffe3d41f000 	C:\WINDOWS\SYSTEM32\USERENV.dll
0x00007ffe3d740000 - 0x00007ffe3d74b000 	C:\WINDOWS\SYSTEM32\CRYPTBASE.dll
0x0000000062e00000 - 0x0000000062e1a000 	C:\Xilinx\SDK\2015.4\tps\win64\jre\bin\net.dll
0x00007ffe3d570000 - 0x00007ffe3d5cc000 	C:\WINDOWS\system32\mswsock.dll
0x00007ffe3b020000 - 0x00007ffe3b058000 	C:\WINDOWS\SYSTEM32\IPHLPAPI.DLL
0x00007ffe41340000 - 0x00007ffe41348000 	C:\WINDOWS\system32\NSI.dll
0x00007ffe36be0000 - 0x00007ffe36bf6000 	C:\WINDOWS\SYSTEM32\dhcpcsvc6.DLL
0x00007ffe36bc0000 - 0x00007ffe36bda000 	C:\WINDOWS\SYSTEM32\dhcpcsvc.DLL
0x0000000062de0000 - 0x0000000062df1000 	C:\Xilinx\SDK\2015.4\tps\win64\jre\bin\nio.dll
0x00007ffe31440000 - 0x00007ffe31456000 	C:\WINDOWS\system32\napinsp.dll
0x00007ffe31420000 - 0x00007ffe3143a000 	C:\WINDOWS\system32\pnrpnsp.dll
0x00007ffe3bc50000 - 0x00007ffe3bc68000 	C:\WINDOWS\system32\NLAapi.dll
0x00007ffe3c620000 - 0x00007ffe3c6ca000 	C:\WINDOWS\SYSTEM32\DNSAPI.dll
0x00007ffe31410000 - 0x00007ffe3141d000 	C:\WINDOWS\System32\winrnr.dll
0x00007ffe313f0000 - 0x00007ffe31405000 	C:\WINDOWS\System32\wshbth.dll
0x00007ffe33a00000 - 0x00007ffe33a0a000 	C:\Windows\System32\rasadhlp.dll
0x00007ffe36cb0000 - 0x00007ffe36d17000 	C:\WINDOWS\System32\fwpuclnt.dll
0x0000000009db0000 - 0x0000000009e58000 	C:\Users\Rui Oliveira\.Xilinx\SDK\2015.4\org.eclipse.osgi\bundles\303\1\.cp\swt-win32-4335.dll
0x00007ffe411f0000 - 0x00007ffe41333000 	C:\WINDOWS\system32\ole32.dll
0x00007ffe3ead0000 - 0x00007ffe3eb91000 	C:\WINDOWS\system32\OLEAUT32.dll
0x00007ffe407c0000 - 0x00007ffe408cb000 	C:\WINDOWS\system32\comdlg32.dll
0x00007ffe3dfc0000 - 0x00007ffe3e046000 	C:\WINDOWS\system32\FirewallAPI.dll
0x00007ffe3e050000 - 0x00007ffe3e067000 	C:\WINDOWS\system32\NETAPI32.dll
0x00007ffe3dd80000 - 0x00007ffe3df48000 	C:\WINDOWS\system32\CRYPT32.dll
0x00007ffe3dcf0000 - 0x00007ffe3dd00000 	C:\WINDOWS\system32\MSASN1.dll
0x00007ffe38650000 - 0x00007ffe386d4000 	C:\WINDOWS\SYSTEM32\WINSPOOL.DRV
0x00007ffe28af0000 - 0x00007ffe28b08000 	C:\WINDOWS\SYSTEM32\USP10.dll
0x00007ffe2b3e0000 - 0x00007ffe2b689000 	C:\WINDOWS\SYSTEM32\WININET.dll
0x00007ffe37f50000 - 0x00007ffe37f5c000 	C:\WINDOWS\SYSTEM32\DAVHLPR.DLL
0x00007ffe3cb20000 - 0x00007ffe3cb52000 	C:\WINDOWS\SYSTEM32\fwbase.dll
0x00007ffe37f60000 - 0x00007ffe37f82000 	C:\WINDOWS\system32\dwmapi.dll
0x00007ffe3b2b0000 - 0x00007ffe3b436000 	C:\WINDOWS\SYSTEM32\propsys.dll
0x00007ffe41600000 - 0x00007ffe416a7000 	C:\WINDOWS\system32\clbcatq.dll
0x000000000b280000 - 0x000000000b29e000 	C:\Users\Rui Oliveira\.Xilinx\SDK\2015.4\org.eclipse.osgi\bundles\303\1\.cp\swt-gdip-win32-4335.dll
0x00007ffe33300000 - 0x00007ffe334a8000 	C:\WINDOWS\WinSxS\amd64_microsoft.windows.gdiplus_6595b64144ccf1df_1.1.10586.20_none_db007f1392e69ef4\gdiplus.dll
0x00007ffe36360000 - 0x00007ffe36511000 	C:\WINDOWS\SYSTEM32\WindowsCodecs.dll
0x0000000180000000 - 0x0000000180012000 	C:\Users\Rui Oliveira\.Xilinx\SDK\2015.4\org.eclipse.osgi\bundles\121\1\.cp\os\win32\x86_64\localfile_1_0_0.dll
0x00007ffe2ad50000 - 0x00007ffe2ad61000 	C:\Users\Rui Oliveira\.Xilinx\SDK\2015.4\org.eclipse.osgi\bundles\124\1\.cp\jWinHttp-1.0.0.dll
0x00007ffe3b060000 - 0x00007ffe3b128000 	C:\WINDOWS\SYSTEM32\WINHTTP.dll
0x00007ffe33780000 - 0x00007ffe337ea000 	C:\WINDOWS\SYSTEM32\oleacc.dll
0x00007ffe37f90000 - 0x00007ffe37f97000 	C:\WINDOWS\SYSTEM32\msimg32.dll
0x00007ffe2a5d0000 - 0x00007ffe2a5df000 	C:\Xilinx\SDK\2015.4\lib\win64.o\librdi_repo_manager.dll
0x00007ffdeb990000 - 0x00007ffdec31d000 	C:\Xilinx\SDK\2015.4\lib\win64.o\librdi_common.dll
0x00007ffdeb930000 - 0x00007ffdeb984000 	C:\Xilinx\SDK\2015.4\lib\win64.o\librdi_commonxillic.dll
0x00007ffdec700000 - 0x00007ffdec72a000 	C:\Xilinx\SDK\2015.4\lib\win64.o\libisl_sysinfo.dll
0x00007ffe170d0000 - 0x00007ffe17177000 	C:\WINDOWS\SYSTEM32\MSVCP110.dll
0x00007ffe17b20000 - 0x00007ffe17bf4000 	C:\WINDOWS\SYSTEM32\MSVCR110.dll
0x00007ffdeb710000 - 0x00007ffdeb92e000 	C:\Xilinx\SDK\2015.4\lib\win64.o\libXil_lmgr11.dll
0x00007ffdeb6e0000 - 0x00007ffdeb702000 	C:\Xilinx\SDK\2015.4\lib\win64.o\libboost_filesystem.dll
0x00007ffdeb5e0000 - 0x00007ffdeb6da000 	C:\Xilinx\SDK\2015.4\lib\win64.o\libboost_regex.dll
0x00007ffe3e770000 - 0x00007ffe3e7c5000 	C:\WINDOWS\system32\WINTRUST.dll
0x00007ffe238b0000 - 0x00007ffe238b9000 	C:\Xilinx\SDK\2015.4\lib\win64.o\libboost_system.dll
0x00007ffdeaeb0000 - 0x00007ffdeb21e000 	C:\Xilinx\SDK\2015.4\lib\win64.o\libCOIN-all.dll
0x00007ffe1a550000 - 0x00007ffe1a560000 	C:\Xilinx\SDK\2015.4\lib\win64.o\libboost_date_time.dll
0x00007ffdeb560000 - 0x00007ffdeb5d4000 	C:\Xilinx\SDK\2015.4\lib\win64.o\libboost_program_options.dll
0x00007ffdeb490000 - 0x00007ffdeb4a3000 	C:\Xilinx\SDK\2015.4\lib\win64.o\libboost_signals.dll
0x00007ffdeb470000 - 0x00007ffdeb48d000 	C:\Xilinx\SDK\2015.4\lib\win64.o\libboost_thread.dll
0x00007ffe18010000 - 0x00007ffe1801b000 	C:\Xilinx\SDK\2015.4\lib\win64.o\libboost_xilinx.dll
0x00007ffdeb3f0000 - 0x00007ffdeb470000 	C:\Xilinx\SDK\2015.4\lib\win64.o\libhdlpsolve.dll
0x00007ffdeb350000 - 0x00007ffdeb3ea000 	C:\Xilinx\SDK\2015.4\lib\win64.o\libhdxml.dll
0x00007ffdeb330000 - 0x00007ffdeb345000 	C:\Xilinx\SDK\2015.4\lib\win64.o\pthreadVC2.dll
0x00007ffdeaa70000 - 0x00007ffdeaea4e00 	C:\Xilinx\SDK\2015.4\lib\win64.o\libisl_iostreams.dll
0x00007ffdea940000 - 0x00007ffdeaa70000 	C:\Xilinx\SDK\2015.4\lib\win64.o\librdi_curl.dll
0x00007ffdea920000 - 0x00007ffdea938000 	C:\Xilinx\SDK\2015.4\lib\win64.o\librdiconfig.dll
0x00007ffdea8f0000 - 0x00007ffdea913000 	C:\Xilinx\SDK\2015.4\lib\win64.o\librdizlib.dll
0x0000000062e80000 - 0x0000000062fa7000 	C:\Xilinx\SDK\2015.4\lib\win64.o\tcl85t.dll
0x00007ffe2c650000 - 0x00007ffe2c807000 	C:\WINDOWS\SYSTEM32\urlmon.dll
0x00007ffe13ce0000 - 0x00007ffe13d03000 	C:\WINDOWS\SYSTEM32\VCOMP110.DLL
0x0000000022ea0000 - 0x0000000023103000 	C:\Xilinx\SDK\2015.4\lib\win64.o\xerces-c_3_1.dll
0x00007ffe17fc0000 - 0x00007ffe17fcb000 	C:\Xilinx\SDK\2015.4\lib\win64.o\libboost_chrono.dll
0x00007ffdea8d0000 - 0x00007ffdea8e6000 	C:\Xilinx\SDK\2015.4\lib\win64.o\libboost_iostreams.dll
0x00007ffe382c0000 - 0x00007ffe38643000 	C:\WINDOWS\SYSTEM32\iertutil.dll
0x00007ffdea8a0000 - 0x00007ffdea8c3000 	C:\Xilinx\SDK\2015.4\lib\win64.o\libisl_iosutils.dll
0x00007ffdea6b0000 - 0x00007ffdea89c000 	C:\Xilinx\SDK\2015.4\lib\win64.o\librdi_hsm.dll
0x00007ffdea400000 - 0x00007ffdea655000 	C:\Xilinx\SDK\2015.4\lib\win64.o\librdi_ippcw.dll
0x00007ffdea660000 - 0x00007ffdea6a3000 	C:\Xilinx\SDK\2015.4\lib\win64.o\librdi_hdf.dll
0x00007ffe31270000 - 0x00007ffe312c0000 	C:\WINDOWS\SYSTEM32\edputil.dll
0x00007ffdf6540000 - 0x00007ffdf6556000 	C:\Xilinx\SDK\2015.4\eclipse\win64.o\plugins\org.eclipse.cdt.core.win32.x86_64_5.2.0.201402142303\os\win32\x86_64\spawner.dll
0x00007ffde87f0000 - 0x00007ffde9000000 	C:\Xilinx\SDK\2015.4\lib\win64.o\libXil_lmgr11FNP.dll
0x00007ffe2c810000 - 0x00007ffe2c81c000 	C:\WINDOWS\SYSTEM32\snmpapi.dll
0x00007ffe3c6d0000 - 0x00007ffe3c6f7000 	C:\WINDOWS\SYSTEM32\DEVOBJ.dll
0x00007ffe3d980000 - 0x00007ffe3d9ad000 	C:\WINDOWS\SYSTEM32\SspiCli.dll
0x00007ffe3d190000 - 0x00007ffe3d1c1000 	C:\WINDOWS\SYSTEM32\ntmarta.dll

VM Arguments:
jvm_args: -Dcom.xilinx.sdk.args.hwspec=D:/ECT-UA/CR/tarefa19_1/SoftVersion/SoftVersion.sdk/MB_version_wrapper.hdf -Xms64m -Xmx512m & 
java_command: <unknown>
java_class_path (initial): C:\Xilinx\SDK\2015.4\eclipse\win64.o\\plugins/org.eclipse.equinox.launcher_1.3.0.v20130327-1440.jar
Launcher Type: generic

Environment Variables:
USERNAME=Rui Oliveira
OS=Windows_NT
PROCESSOR_IDENTIFIER=Intel64 Family 6 Model 58 Stepping 9, GenuineIntel



---------------  S Y S T E M  ---------------

OS: Windows 10.0 , 64 bit Build 10586 (10.0.10586.0)

CPU:total 8 (4 cores per cpu, 2 threads per core) family 6 model 58 stepping 9, cmov, cx8, fxsr, mmx, sse, sse2, sse3, ssse3, sse4.1, sse4.2, popcnt, avx, aes, clmul, erms, ht, tsc, tscinvbit, tscinv

Memory: 4k page, physical 8271344k(5426356k free), swap 9582064k(6417872k free)

vm_info: Java HotSpot(TM) 64-Bit Server VM (25.45-b02) for windows-amd64 JRE (1.8.0_45-b15), built on Apr 30 2015 12:40:44 by "java_re" with MS VC++ 10.0 (VS2010)

time: Fri Jun 03 14:40:34 2016
elapsed time: 1749 seconds (0d 0h 29m 9s)

