#-----------------------------------------------------------
# Vivado v2015.4 (64-bit)
# SW Build 1412921 on Wed Nov 18 09:43:45 MST 2015
# IP Build 1412160 on Tue Nov 17 13:47:24 MST 2015
# Start of session at: Sat Jun 11 20:27:43 2016
# Process ID: 9416
# Current directory: D:/checkOddWords/SoftVersion
# Command line: vivado.exe -gui_launcher_event rodinguilauncherevent2088 D:\checkOddWords\SoftVersion\SoftVersion.xpr
# Log file: D:/checkOddWords/SoftVersion/vivado.log
# Journal file: D:/checkOddWords/SoftVersion\vivado.jou
#-----------------------------------------------------------
start_gui
open_project D:/checkOddWords/SoftVersion/SoftVersion.xpr
INFO: [Project 1-313] Project file moved from 'D:/ECT-UA/CR/tarefa19_1/SoftVersion' since last save.
WARNING: [Project 1-312] File not found as 'D:/Nexys4_Master.xdc'; using path 'D:/ECT-UA/CR/Nexys4_Master.xdc' instead.
Scanning sources...
Finished scanning sources
WARNING: [Project 1-312] File not found as 'D:/Nexys4_Master.xdc'; using path 'D:/ECT-UA/CR/Nexys4_Master.xdc' instead.
WARNING: [Project 1-312] File not found as 'D:/Nexys4_Master.xdc'; using path 'D:/ECT-UA/CR/Nexys4_Master.xdc' instead.
INFO: [filemgmt 56-1] IP Repository Path: Directory not found as 'D:/../CR'; using path 'D:/ECT-UA/CR' instead.
INFO: [IP_Flow 19-234] Refreshing IP repositories
INFO: [IP_Flow 19-1700] Loaded user IP repository 'd:/ECT-UA/CR'.
INFO: [IP_Flow 19-1700] Loaded user IP repository 'd:/checkOddWords/unroll'.
INFO: [IP_Flow 19-1700] Loaded user IP repository 'd:/checkOddWords/clockDivider'.
INFO: [IP_Flow 19-1700] Loaded user IP repository 'd:/checkOddWords/imparE'.
INFO: [IP_Flow 19-1700] Loaded user IP repository 'd:/checkOddWords/sendImpar'.
INFO: [IP_Flow 19-2313] Loaded Vivado IP repository 'C:/Xilinx/Vivado/2015.4/data/ip'.
CRITICAL WARNING: [IP_Flow 19-1663] Duplicate IP found for 'ua.pt:user:BinToBCD16:1.0'. The one found in IP location 'd:/ECT-UA/CR/Aula10/REPOSITORY/BCD16bit/BCD16bit.srcs/sources_1/imports/6' will take precedence over the same IP in location d:/ECT-UA/CR/Aula8/Projects2016/REPOSITORY/BCD16bit/BCD16bit.srcs/sources_1/imports/6
CRITICAL WARNING: [IP_Flow 19-1663] Duplicate IP found for 'ua.pt:user:MyC:1.0'. The one found in IP location 'd:/ECT-UA/CR/Aula10/REPOSITORY/Counter32bit/Counter32bit.srcs/sources_1' will take precedence over the same IP in location d:/ECT-UA/CR/Aula8/Projects2016/REPOSITORY/Counter32bit/Counter32bit.srcs/sources_1
open_project: Time (s): cpu = 00:00:25 ; elapsed = 00:01:30 . Memory (MB): peak = 818.074 ; gain = 218.645
exit
INFO: [Common 17-206] Exiting Vivado at Sat Jun 11 20:31:11 2016...
